#
# There is insufficient memory for the Java Runtime Environment to continue.
# Native memory allocation (malloc) failed to allocate 1830096 bytes for Chunk::new
# Possible reasons:
#   The system is out of physical RAM or swap space
#   The process is running with CompressedOops enabled, and the Java Heap may be blocking the growth of the native heap
# Possible solutions:
#   Reduce memory load on the system
#   Increase physical memory or swap space
#   Check if swap backing store is full
#   Decrease Java heap size (-Xmx/-Xms)
#   Decrease number of Java threads
#   Decrease Java thread stack sizes (-Xss)
#   Set larger code cache with -XX:ReservedCodeCacheSize=
#   JVM is running with Unscaled Compressed Oops mode in which the Java heap is
#     placed in the first 4GB address space. The Java Heap base address is the
#     maximum limit for the native heap growth. Please use -XX:HeapBaseMinAddress
#     to set the Java Heap base and to place the Java Heap above 4GB virtual address.
# This output file may be truncated or incomplete.
#
#  Out of Memory Error (allocation.cpp:389), pid=7588, tid=0x0000000000002900
#
# JRE version: OpenJDK Runtime Environment (8.0_242-b01) (build 1.8.0_242-release-1644-b01)
# Java VM: OpenJDK 64-Bit Server VM (25.242-b01 mixed mode windows-amd64 compressed oops)
# Failed to write core dump. Minidumps are not enabled by default on client versions of Windows
#

---------------  T H R E A D  ---------------

Current thread (0x000000001664a800):  JavaThread "C2 CompilerThread1" daemon [_thread_in_native, id=10496, stack(0x0000000018e30000,0x0000000018f30000)]

Stack: [0x0000000018e30000,0x0000000018f30000]
[error occurred during error reporting (printing stack bounds), id 0xc0000005]

Native frames: (J=compiled Java code, j=interpreted, Vv=VM code, C=native code)


Current CompileTask:
C2:  16272 5449       4       sun.reflect.generics.parser.SignatureParser::parseFieldTypeSignature (73 bytes)


---------------  P R O C E S S  ---------------

Java Threads: ( => current thread )
  0x00000000211ca000 JavaThread "Memory manager" [_thread_blocked, id=16512, stack(0x00000000239d0000,0x0000000023ad0000)]
  0x00000000211c7800 JavaThread "Cache worker for Build Output Cleanup Cache (C:\Labs\Mobile\Flutter\todo\lib\models\devquiz\android\.gradle\buildOutputCleanup)" [_thread_blocked, id=12480, stack(0x0000000022a10000,0x0000000022b10000)]
  0x00000000211c0000 JavaThread "Build operations Thread 8" [_thread_blocked, id=19668, stack(0x00000000232d0000,0x00000000233d0000)]
  0x00000000211c7000 JavaThread "Build operations Thread 7" [_thread_blocked, id=19944, stack(0x00000000231d0000,0x00000000232d0000)]
  0x00000000211c5800 JavaThread "Build operations Thread 6" [_thread_blocked, id=17756, stack(0x00000000230d0000,0x00000000231d0000)]
  0x00000000211c6000 JavaThread "Build operations Thread 5" [_thread_blocked, id=13168, stack(0x0000000022fd0000,0x00000000230d0000)]
  0x00000000211c4800 JavaThread "Build operations Thread 4" [_thread_blocked, id=7232, stack(0x0000000022ed0000,0x0000000022fd0000)]
  0x00000000211bd000 JavaThread "Build operations Thread 3" [_thread_blocked, id=11208, stack(0x0000000022dd0000,0x0000000022ed0000)]
  0x00000000211c3000 JavaThread "Build operations Thread 2" [_thread_blocked, id=4364, stack(0x0000000022cd0000,0x0000000022dd0000)]
  0x00000000211bf000 JavaThread "Build operations" [_thread_blocked, id=17496, stack(0x0000000022bd0000,0x0000000022cd0000)]
  0x00000000211c1000 JavaThread "Cache worker for execution history cache (C:\Users\douglas.mcosta\.gradle\caches\5.6.2\executionHistory)" [_thread_blocked, id=15568, stack(0x0000000022510000,0x0000000022610000)]
  0x00000000211c4000 JavaThread "Cache worker for cache directory md-rule (C:\Users\douglas.mcosta\.gradle\caches\5.6.2\md-rule)" [_thread_blocked, id=440, stack(0x0000000020d50000,0x0000000020e50000)]
  0x00000000211c2800 JavaThread "Cache worker for cache directory md-supplier (C:\Users\douglas.mcosta\.gradle\caches\5.6.2\md-supplier)" [_thread_blocked, id=3500, stack(0x000000001fc10000,0x000000001fd10000)]
  0x000000001846b000 JavaThread "Cache worker for file hash cache (C:\Labs\Mobile\Flutter\todo\lib\models\devquiz\android\.gradle\5.6.2\fileHashes)" [_thread_blocked, id=15324, stack(0x000000001f510000,0x000000001f610000)]
  0x000000001846a000 JavaThread "Cache worker for journal cache (C:\Users\douglas.mcosta\.gradle\caches\journal-1)" [_thread_blocked, id=13488, stack(0x000000001d070000,0x000000001d170000)]
  0x0000000018468800 JavaThread "File lock request listener" [_thread_in_native, id=17916, stack(0x000000001cf70000,0x000000001d070000)]
  0x000000001846e800 JavaThread "Cache worker for file hash cache (C:\Users\douglas.mcosta\.gradle\caches\5.6.2\fileHashes)" [_thread_blocked, id=1752, stack(0x000000001ce70000,0x000000001cf70000)]
  0x000000001afa5800 JavaThread "Thread-9" [_thread_blocked, id=19492, stack(0x000000001cd70000,0x000000001ce70000)]
  0x000000001afa3000 JavaThread "Stdin handler" [_thread_blocked, id=4828, stack(0x000000001cc70000,0x000000001cd70000)]
  0x000000001afa2000 JavaThread "Asynchronous log dispatcher for DefaultDaemonConnection: socket connection from /127.0.0.1:52397 to /127.0.0.1:52398" [_thread_blocked, id=19984, stack(0x000000001ca70000,0x000000001cb70000)]
  0x000000001af89000 JavaThread "Daemon worker" [_thread_in_Java, id=16992, stack(0x000000001c770000,0x000000001c870000)]
  0x000000001af84000 JavaThread "Cancel handler" [_thread_blocked, id=17100, stack(0x000000001c670000,0x000000001c770000)]
  0x000000001af7a800 JavaThread "Handler for socket connection from /127.0.0.1:52397 to /127.0.0.1:52398" [_thread_in_native, id=1908, stack(0x000000001c570000,0x000000001c670000)]
  0x000000001af60800 JavaThread "Daemon" [_thread_blocked, id=17416, stack(0x000000001c470000,0x000000001c570000)]
  0x000000001af65800 JavaThread "Daemon periodic checks" [_thread_blocked, id=5232, stack(0x000000001c370000,0x000000001c470000)]
  0x000000001af0a800 JavaThread "Incoming local TCP Connector on port 52397" [_thread_in_native, id=18728, stack(0x000000001c110000,0x000000001c210000)]
  0x000000001aeba800 JavaThread "Daemon health stats" [_thread_blocked, id=18568, stack(0x000000001bad0000,0x000000001bbd0000)]
  0x00000000184f0000 JavaThread "Service Thread" daemon [_thread_blocked, id=10760, stack(0x0000000019130000,0x0000000019230000)]
  0x0000000018469800 JavaThread "C1 CompilerThread3" daemon [_thread_in_native, id=5384, stack(0x0000000019030000,0x0000000019130000)]
  0x000000001846e000 JavaThread "C2 CompilerThread2" daemon [_thread_in_native, id=14340, stack(0x0000000018f30000,0x0000000019030000)]
=>0x000000001664a800 JavaThread "C2 CompilerThread1" daemon [_thread_in_native, id=10496, stack(0x0000000018e30000,0x0000000018f30000)]
  0x000000001845d800 JavaThread "C2 CompilerThread0" daemon [_thread_in_native, id=14700, stack(0x0000000018d30000,0x0000000018e30000)]
  0x000000001845a000 JavaThread "Attach Listener" daemon [_thread_blocked, id=13492, stack(0x0000000018c30000,0x0000000018d30000)]
  0x0000000018459000 JavaThread "Signal Dispatcher" daemon [_thread_blocked, id=3808, stack(0x0000000018b30000,0x0000000018c30000)]
  0x0000000018441800 JavaThread "Finalizer" daemon [_thread_blocked, id=1868, stack(0x0000000018920000,0x0000000018a20000)]
  0x0000000018440800 JavaThread "Reference Handler" daemon [_thread_blocked, id=19772, stack(0x0000000018820000,0x0000000018920000)]
  0x0000000002782800 JavaThread "main" [_thread_blocked, id=4112, stack(0x00000000025d0000,0x00000000026d0000)]

Other Threads:
  0x0000000016636800 VMThread [stack: 0x0000000018320000,0x0000000018420000] [id=17212]
  0x0000000018509800 WatcherThread [stack: 0x0000000019230000,0x0000000019330000] [id=15996]

VM state:not at safepoint (normal execution)

VM Mutex/Monitor currently owned by a thread: None

heap address: 0x00000000a0000000, size: 1536 MB, Compressed Oops mode: 32-bit
Narrow klass base: 0x0000000000000000, Narrow klass shift: 3
Compressed class space size: 1073741824 Address: 0x0000000100000000

Heap:
 PSYoungGen      total 200704K, used 46514K [0x00000000e0000000, 0x00000000edf80000, 0x0000000100000000)
  eden space 185344K, 16% used [0x00000000e0000000,0x00000000e1e6df50,0x00000000eb500000)
  from space 15360K, 99% used [0x00000000ec180000,0x00000000ed07eb80,0x00000000ed080000)
  to   space 13312K, 0% used [0x00000000ed280000,0x00000000ed280000,0x00000000edf80000)
 ParOldGen       total 124416K, used 27795K [0x00000000a0000000, 0x00000000a7980000, 0x00000000e0000000)
  object space 124416K, 22% used [0x00000000a0000000,0x00000000a1b24f60,0x00000000a7980000)
 Metaspace       used 54973K, capacity 56820K, committed 57000K, reserved 1097728K
  class space    used 7528K, capacity 8001K, committed 8104K, reserved 1048576K

Card table byte_map: [0x0000000011c40000,0x0000000011f50000] byte_map_base: 0x0000000011740000

Marking Bits: (ParMarkBitMap*) 0x000000006044f030
 Begin Bits: [0x0000000012950000, 0x0000000014150000)
 End Bits:   [0x0000000014150000, 0x0000000015950000)

Polling page: 0x0000000000d20000

CodeCache: size=245760Kb used=17594Kb max_used=17594Kb free=228165Kb
 bounds [0x0000000002880000, 0x00000000039c0000, 0x0000000011880000]
 total_blobs=5887 nmethods=5091 adapters=708
 compilation: enabled

Compilation events (10 events):
Event: 16.200 Thread 0x0000000018469800 nmethod 5492 0x00000000039b2e90 code [0x00000000039b3040, 0x00000000039b37c8]
Event: 16.200 Thread 0x0000000018469800 5491       3       com.google.common.collect.RegularImmutableMap::get (13 bytes)
Event: 16.200 Thread 0x0000000018469800 nmethod 5491 0x00000000039b4450 code [0x00000000039b45c0, 0x00000000039b4768]
Event: 16.208 Thread 0x000000001846e000 5493       4       java.lang.Class::privateGetMethodRecursive (130 bytes)
Event: 16.238 Thread 0x0000000018469800 5496       3       org.codehaus.groovy.reflection.ClassInfo::setWeakMetaClass (37 bytes)
Event: 16.239 Thread 0x0000000018469800 nmethod 5496 0x00000000039b2250 code [0x00000000039b2400, 0x00000000039b2b28]
Event: 16.243 Thread 0x0000000018469800 5497       1       groovyjarjarasm.asm.SymbolTable::getClassName (5 bytes)
Event: 16.243 Thread 0x0000000018469800 nmethod 5497 0x00000000039a9750 code [0x00000000039a98a0, 0x00000000039a99b0]
Event: 16.265 Thread 0x0000000018469800 5500       3       com.google.common.collect.LinkedHashMultimap$ValueSet::rehashIfNecessary (88 bytes)
Event: 16.266 Thread 0x0000000018469800 nmethod 5500 0x00000000039b9810 code [0x00000000039b99e0, 0x00000000039ba148]

GC Heap History (10 events):
Event: 5.925 GC heap before
{Heap before GC invocations=7 (full 1):
 PSYoungGen      total 76288K, used 73536K [0x00000000e0000000, 0x00000000e8c00000, 0x0000000100000000)
  eden space 65536K, 100% used [0x00000000e0000000,0x00000000e4000000,0x00000000e4000000)
  from space 10752K, 74% used [0x00000000e4000000,0x00000000e47d00f8,0x00000000e4a80000)
  to   space 12800K, 0% used [0x00000000e7f80000,0x00000000e7f80000,0x00000000e8c00000)
 ParOldGen       total 86016K, used 7363K [0x00000000a0000000, 0x00000000a5400000, 0x00000000e0000000)
  object space 86016K, 8% used [0x00000000a0000000,0x00000000a0730c30,0x00000000a5400000)
 Metaspace       used 31308K, capacity 31838K, committed 32176K, reserved 1077248K
  class space    used 4282K, capacity 4434K, committed 4528K, reserved 1048576K
Event: 5.935 GC heap after
Heap after GC invocations=7 (full 1):
 PSYoungGen      total 127488K, used 9007K [0x00000000e0000000, 0x00000000e8a80000, 0x0000000100000000)
  eden space 116224K, 0% used [0x00000000e0000000,0x00000000e0000000,0x00000000e7180000)
  from space 11264K, 79% used [0x00000000e7f80000,0x00000000e884bd38,0x00000000e8a80000)
  to   space 12800K, 0% used [0x00000000e7180000,0x00000000e7180000,0x00000000e7e00000)
 ParOldGen       total 86016K, used 7371K [0x00000000a0000000, 0x00000000a5400000, 0x00000000e0000000)
  object space 86016K, 8% used [0x00000000a0000000,0x00000000a0732c30,0x00000000a5400000)
 Metaspace       used 31308K, capacity 31838K, committed 32176K, reserved 1077248K
  class space    used 4282K, capacity 4434K, committed 4528K, reserved 1048576K
}
Event: 6.915 GC heap before
{Heap before GC invocations=8 (full 1):
 PSYoungGen      total 127488K, used 76835K [0x00000000e0000000, 0x00000000e8a80000, 0x0000000100000000)
  eden space 116224K, 58% used [0x00000000e0000000,0x00000000e423d1a0,0x00000000e7180000)
  from space 11264K, 79% used [0x00000000e7f80000,0x00000000e884bd38,0x00000000e8a80000)
  to   space 12800K, 0% used [0x00000000e7180000,0x00000000e7180000,0x00000000e7e00000)
 ParOldGen       total 86016K, used 7371K [0x00000000a0000000, 0x00000000a5400000, 0x00000000e0000000)
  object space 86016K, 8% used [0x00000000a0000000,0x00000000a0732c30,0x00000000a5400000)
 Metaspace       used 34545K, capacity 35452K, committed 35496K, reserved 1079296K
  class space    used 4729K, capacity 4995K, committed 5032K, reserved 1048576K
Event: 6.928 GC heap after
Heap after GC invocations=8 (full 1):
 PSYoungGen      total 129024K, used 11435K [0x00000000e0000000, 0x00000000edf80000, 0x0000000100000000)
  eden space 116224K, 0% used [0x00000000e0000000,0x00000000e0000000,0x00000000e7180000)
  from space 12800K, 89% used [0x00000000e7180000,0x00000000e7caada0,0x00000000e7e00000)
  to   space 13312K, 0% used [0x00000000ed280000,0x00000000ed280000,0x00000000edf80000)
 ParOldGen       total 86016K, used 7379K [0x00000000a0000000, 0x00000000a5400000, 0x00000000e0000000)
  object space 86016K, 8% used [0x00000000a0000000,0x00000000a0734c30,0x00000000a5400000)
 Metaspace       used 34545K, capacity 35452K, committed 35496K, reserved 1079296K
  class space    used 4729K, capacity 4995K, committed 5032K, reserved 1048576K
}
Event: 6.928 GC heap before
{Heap before GC invocations=9 (full 2):
 PSYoungGen      total 129024K, used 11435K [0x00000000e0000000, 0x00000000edf80000, 0x0000000100000000)
  eden space 116224K, 0% used [0x00000000e0000000,0x00000000e0000000,0x00000000e7180000)
  from space 12800K, 89% used [0x00000000e7180000,0x00000000e7caada0,0x00000000e7e00000)
  to   space 13312K, 0% used [0x00000000ed280000,0x00000000ed280000,0x00000000edf80000)
 ParOldGen       total 86016K, used 7379K [0x00000000a0000000, 0x00000000a5400000, 0x00000000e0000000)
  object space 86016K, 8% used [0x00000000a0000000,0x00000000a0734c30,0x00000000a5400000)
 Metaspace       used 34545K, capacity 35452K, committed 35496K, reserved 1079296K
  class space    used 4729K, capacity 4995K, committed 5032K, reserved 1048576K
Event: 6.989 GC heap after
Heap after GC invocations=9 (full 2):
 PSYoungGen      total 129024K, used 0K [0x00000000e0000000, 0x00000000edf80000, 0x0000000100000000)
  eden space 116224K, 0% used [0x00000000e0000000,0x00000000e0000000,0x00000000e7180000)
  from space 12800K, 0% used [0x00000000e7180000,0x00000000e7180000,0x00000000e7e00000)
  to   space 13312K, 0% used [0x00000000ed280000,0x00000000ed280000,0x00000000edf80000)
 ParOldGen       total 124416K, used 18158K [0x00000000a0000000, 0x00000000a7980000, 0x00000000e0000000)
  object space 124416K, 14% used [0x00000000a0000000,0x00000000a11bba88,0x00000000a7980000)
 Metaspace       used 34521K, capacity 35374K, committed 35496K, reserved 1079296K
  class space    used 4722K, capacity 4982K, committed 5032K, reserved 1048576K
}
Event: 8.534 GC heap before
{Heap before GC invocations=10 (full 2):
 PSYoungGen      total 129024K, used 116224K [0x00000000e0000000, 0x00000000edf80000, 0x0000000100000000)
  eden space 116224K, 100% used [0x00000000e0000000,0x00000000e7180000,0x00000000e7180000)
  from space 12800K, 0% used [0x00000000e7180000,0x00000000e7180000,0x00000000e7e00000)
  to   space 13312K, 0% used [0x00000000ed280000,0x00000000ed280000,0x00000000edf80000)
 ParOldGen       total 124416K, used 18158K [0x00000000a0000000, 0x00000000a7980000, 0x00000000e0000000)
  object space 124416K, 14% used [0x00000000a0000000,0x00000000a11bba88,0x00000000a7980000)
 Metaspace       used 45663K, capacity 46734K, committed 46888K, reserved 1089536K
  class space    used 6098K, capacity 6397K, committed 6440K, reserved 1048576K
Event: 8.548 GC heap after
Heap after GC invocations=10 (full 2):
 PSYoungGen      total 198656K, used 13299K [0x00000000e0000000, 0x00000000edf80000, 0x0000000100000000)
  eden space 185344K, 0% used [0x00000000e0000000,0x00000000e0000000,0x00000000eb500000)
  from space 13312K, 99% used [0x00000000ed280000,0x00000000edf7cd18,0x00000000edf80000)
  to   space 15360K, 0% used [0x00000000ec180000,0x00000000ec180000,0x00000000ed080000)
 ParOldGen       total 124416K, used 19598K [0x00000000a0000000, 0x00000000a7980000, 0x00000000e0000000)
  object space 124416K, 15% used [0x00000000a0000000,0x00000000a1323850,0x00000000a7980000)
 Metaspace       used 45663K, capacity 46734K, committed 46888K, reserved 1089536K
  class space    used 6098K, capacity 6397K, committed 6440K, reserved 1048576K
}
Event: 15.661 GC heap before
{Heap before GC invocations=11 (full 2):
 PSYoungGen      total 198656K, used 198643K [0x00000000e0000000, 0x00000000edf80000, 0x0000000100000000)
  eden space 185344K, 100% used [0x00000000e0000000,0x00000000eb500000,0x00000000eb500000)
  from space 13312K, 99% used [0x00000000ed280000,0x00000000edf7cd18,0x00000000edf80000)
  to   space 15360K, 0% used [0x00000000ec180000,0x00000000ec180000,0x00000000ed080000)
 ParOldGen       total 124416K, used 19598K [0x00000000a0000000, 0x00000000a7980000, 0x00000000e0000000)
  object space 124416K, 15% used [0x00000000a0000000,0x00000000a1323850,0x00000000a7980000)
 Metaspace       used 54106K, capacity 55938K, committed 55976K, reserved 1097728K
  class space    used 7377K, capacity 7837K, committed 7848K, reserved 1048576K
Event: 15.704 GC heap after
Heap after GC invocations=11 (full 2):
 PSYoungGen      total 200704K, used 15354K [0x00000000e0000000, 0x00000000edf80000, 0x0000000100000000)
  eden space 185344K, 0% used [0x00000000e0000000,0x00000000e0000000,0x00000000eb500000)
  from space 15360K, 99% used [0x00000000ec180000,0x00000000ed07eb80,0x00000000ed080000)
  to   space 13312K, 0% used [0x00000000ed280000,0x00000000ed280000,0x00000000edf80000)
 ParOldGen       total 124416K, used 27795K [0x00000000a0000000, 0x00000000a7980000, 0x00000000e0000000)
  object space 124416K, 22% used [0x00000000a0000000,0x00000000a1b24f60,0x00000000a7980000)
 Metaspace       used 54106K, capacity 55938K, committed 55976K, reserved 1097728K
  class space    used 7377K, capacity 7837K, committed 7848K, reserved 1048576K
}

Deoptimization events (10 events):
Event: 15.055 Thread 0x000000001af89000 Uncommon trap: reason=unstable_if action=reinterpret pc=0x00000000032466bc method=java.util.HashMap.putVal(ILjava/lang/Object;Ljava/lang/Object;ZZ)Ljava/lang/Object; @ 109
Event: 15.185 Thread 0x000000001af89000 Uncommon trap: reason=bimorphic action=maybe_recompile pc=0x0000000002d43a80 method=java.util.regex.Pattern$Slice.match(Ljava/util/regex/Matcher;ILjava/lang/CharSequence;)Z @ 75
Event: 15.232 Thread 0x000000001af89000 Uncommon trap: reason=bimorphic action=maybe_recompile pc=0x0000000002d43a80 method=java.util.regex.Pattern$Slice.match(Ljava/util/regex/Matcher;ILjava/lang/CharSequence;)Z @ 75
Event: 15.242 Thread 0x000000001af89000 Uncommon trap: reason=bimorphic action=maybe_recompile pc=0x0000000002d43a80 method=java.util.regex.Pattern$Slice.match(Ljava/util/regex/Matcher;ILjava/lang/CharSequence;)Z @ 75
Event: 15.470 Thread 0x000000001af89000 Uncommon trap: reason=unstable_if action=reinterpret pc=0x0000000003690e6c method=java.lang.Class$MethodArray.removeLessSpecifics()V @ 25
Event: 15.542 Thread 0x000000001af89000 Uncommon trap: reason=unstable_if action=reinterpret pc=0x00000000033cbe74 method=groovy.lang.MetaClassImpl$1MOPIter.methodNameAction(Ljava/lang/Class;Lorg/codehaus/groovy/runtime/metaclass/MetaMethodIndex$Entry;)V @ 277
Event: 15.543 Thread 0x000000001af89000 Uncommon trap: reason=bimorphic action=maybe_recompile pc=0x0000000002a0376c method=java.util.Arrays.binarySearch0([Ljava/lang/Object;IILjava/lang/Object;Ljava/util/Comparator;)I @ 48
Event: 15.543 Thread 0x000000001af89000 Uncommon trap: reason=bimorphic action=maybe_recompile pc=0x0000000002a0376c method=java.util.Arrays.binarySearch0([Ljava/lang/Object;IILjava/lang/Object;Ljava/util/Comparator;)I @ 48
Event: 15.543 Thread 0x000000001af89000 Uncommon trap: reason=bimorphic action=maybe_recompile pc=0x0000000002a0376c method=java.util.Arrays.binarySearch0([Ljava/lang/Object;IILjava/lang/Object;Ljava/util/Comparator;)I @ 48
Event: 15.543 Thread 0x000000001af89000 Uncommon trap: reason=bimorphic action=maybe_recompile pc=0x0000000002a0376c method=java.util.Arrays.binarySearch0([Ljava/lang/Object;IILjava/lang/Object;Ljava/util/Comparator;)I @ 48

Classes redefined (0 events):
No events

Internal exceptions (10 events):
Event: 16.048 Thread 0x000000001af89000 Exception <a 'java/lang/ClassNotFoundException': org/gradle/api/internal/file/copy/DefaultCopySpecCustomizer> (0x00000000e131cdf0) thrown at [C:\src\AOSP-openjdk-git\hotspot\src\share\vm\classfile\systemDictionary.cpp, line 210]
Event: 16.053 Thread 0x000000001af89000 Exception <a 'java/lang/ClassNotFoundException': org/gradle/api/internal/file/copy/DefaultCopySpec_DecoratedCustomizer> (0x00000000e13d2800) thrown at [C:\src\AOSP-openjdk-git\hotspot\src\share\vm\classfile\systemDictionary.cpp, line 210]
Event: 16.212 Thread 0x000000001af89000 Exception <a 'java/lang/ClassNotFoundException': com/android/build/gradle/tasks/MergeSourceSetFolders_DecoratedBeanInfo> (0x00000000e1b82e08) thrown at [C:\src\AOSP-openjdk-git\hotspot\src\share\vm\classfile\systemDictionary.cpp, line 210]
Event: 16.214 Thread 0x000000001af89000 Exception <a 'java/lang/ClassNotFoundException': com/android/build/gradle/tasks/MergeSourceSetFoldersBeanInfo> (0x00000000e1ba4568) thrown at [C:\src\AOSP-openjdk-git\hotspot\src\share\vm\classfile\systemDictionary.cpp, line 210]
Event: 16.215 Thread 0x000000001af89000 Exception <a 'java/lang/ClassNotFoundException': com/android/build/gradle/internal/tasks/IncrementalTaskBeanInfo> (0x00000000e1bc7200) thrown at [C:\src\AOSP-openjdk-git\hotspot\src\share\vm\classfile\systemDictionary.cpp, line 210]
Event: 16.216 Thread 0x000000001af89000 Exception <a 'java/lang/ClassNotFoundException': com/android/build/gradle/internal/tasks/AndroidVariantTaskBeanInfo> (0x00000000e1bea788) thrown at [C:\src\AOSP-openjdk-git\hotspot\src\share\vm\classfile\systemDictionary.cpp, line 210]
Event: 16.221 Thread 0x000000001af89000 Exception <a 'java/lang/ClassNotFoundException': com/android/build/gradle/internal/tasks/AndroidVariantTaskCustomizer> (0x00000000e1c0f228) thrown at [C:\src\AOSP-openjdk-git\hotspot\src\share\vm\classfile\systemDictionary.cpp, line 210]
Event: 16.223 Thread 0x000000001af89000 Exception <a 'java/lang/ClassNotFoundException': com/android/build/gradle/internal/tasks/IncrementalTaskCustomizer> (0x00000000e1c42950) thrown at [C:\src\AOSP-openjdk-git\hotspot\src\share\vm\classfile\systemDictionary.cpp, line 210]
Event: 16.227 Thread 0x000000001af89000 Exception <a 'java/lang/ClassNotFoundException': com/android/build/gradle/tasks/MergeSourceSetFoldersCustomizer> (0x00000000e1c76878) thrown at [C:\src\AOSP-openjdk-git\hotspot\src\share\vm\classfile\systemDictionary.cpp, line 210]
Event: 16.233 Thread 0x000000001af89000 Exception <a 'java/lang/ClassNotFoundException': com/android/build/gradle/tasks/MergeSourceSetFolders_DecoratedCustomizer> (0x00000000e1cca298) thrown at [C:\src\AOSP-openjdk-git\hotspot\src\share\vm\classfile\systemDictionary.cpp, line 210]

Events (10 events):
Event: 16.245 loading class com/android/build/gradle/internal/res/LinkingTaskInputAaptOptions
Event: 16.245 loading class com/android/build/gradle/internal/res/LinkingTaskInputAaptOptions done
Event: 16.247 loading class com/android/build/gradle/internal/scope/SplitList
Event: 16.247 loading class com/android/build/gradle/internal/scope/SplitList done
Event: 16.248 loading class com/android/builder/internal/aapt/AaptOptions
Event: 16.248 loading class com/android/builder/internal/aapt/AaptOptions done
Event: 16.251 loading class com/android/build/gradle/internal/scope/BuildElements
Event: 16.251 loading class com/android/build/gradle/internal/scope/BuildElements done
Event: 16.254 loading class com/android/build/gradle/internal/scope/BuildOutput
Event: 16.254 loading class com/android/build/gradle/internal/scope/BuildOutput done


Dynamic libraries:
0x00007ff7f16e0000 - 0x00007ff7f1711000 	C:\Program Files\Android\Android Studio\jre\bin\java.exe
0x00007ffedbc90000 - 0x00007ffedbe86000 	C:\windows\SYSTEM32\ntdll.dll
0x00007ffeda170000 - 0x00007ffeda22d000 	C:\windows\System32\KERNEL32.DLL
0x00007ffed9890000 - 0x00007ffed9b58000 	C:\windows\System32\KERNELBASE.dll
0x00007ffedbac0000 - 0x00007ffedbb6c000 	C:\windows\System32\ADVAPI32.dll
0x00007ffedb270000 - 0x00007ffedb30e000 	C:\windows\System32\msvcrt.dll
0x00007ffed9f50000 - 0x00007ffed9feb000 	C:\windows\System32\sechost.dll
0x00007ffeda370000 - 0x00007ffeda494000 	C:\windows\System32\RPCRT4.dll
0x00007ffedaef0000 - 0x00007ffedb090000 	C:\windows\System32\USER32.dll
0x00007ffed94d0000 - 0x00007ffed94f2000 	C:\windows\System32\win32u.dll
0x00007ffeda230000 - 0x00007ffeda25a000 	C:\windows\System32\GDI32.dll
0x00007ffed9700000 - 0x00007ffed9809000 	C:\windows\System32\gdi32full.dll
0x00007ffed9660000 - 0x00007ffed96fd000 	C:\windows\System32\msvcp_win.dll
0x00007ffed93a0000 - 0x00007ffed94a0000 	C:\windows\System32\ucrtbase.dll
0x00007ffec07f0000 - 0x00007ffec0a8b000 	C:\windows\WinSxS\amd64_microsoft.windows.common-controls_6595b64144ccf1df_6.0.19041.488_none_ca04af081b815d21\COMCTL32.dll
0x00007ffedbb70000 - 0x00007ffedbba0000 	C:\windows\System32\IMM32.DLL
0x00000000604d0000 - 0x00000000605a2000 	C:\Program Files\Android\Android Studio\jre\jre\bin\msvcr100.dll
0x000000005fc80000 - 0x00000000604cb000 	C:\Program Files\Android\Android Studio\jre\jre\bin\server\jvm.dll
0x00007ffedb0a0000 - 0x00007ffedb0a8000 	C:\windows\System32\PSAPI.DLL
0x00007ffec9d40000 - 0x00007ffec9d67000 	C:\windows\SYSTEM32\WINMM.dll
0x00007ffece610000 - 0x00007ffece61a000 	C:\windows\SYSTEM32\VERSION.dll
0x00007ffebe600000 - 0x00007ffebe609000 	C:\windows\SYSTEM32\WSOCK32.dll
0x00007ffedae20000 - 0x00007ffedae8b000 	C:\windows\System32\WS2_32.dll
0x00007ffed1550000 - 0x00007ffed155f000 	C:\Program Files\Android\Android Studio\jre\jre\bin\verify.dll
0x00007ffe8c460000 - 0x00007ffe8c489000 	C:\Program Files\Android\Android Studio\jre\jre\bin\java.dll
0x00007ffeb06a0000 - 0x00007ffeb06b6000 	C:\Program Files\Android\Android Studio\jre\jre\bin\zip.dll
0x00007ffedb370000 - 0x00007ffedbab1000 	C:\windows\System32\SHELL32.dll
0x00007ffed7380000 - 0x00007ffed7b15000 	C:\windows\SYSTEM32\windows.storage.dll
0x00007ffedaac0000 - 0x00007ffedae15000 	C:\windows\System32\combase.dll
0x00007ffed8d40000 - 0x00007ffed8d6c000 	C:\windows\SYSTEM32\Wldp.dll
0x00007ffed9ff0000 - 0x00007ffeda09e000 	C:\windows\System32\SHCORE.dll
0x00007ffed9cc0000 - 0x00007ffed9d15000 	C:\windows\System32\shlwapi.dll
0x00007ffed92d0000 - 0x00007ffed92f6000 	C:\windows\SYSTEM32\profapi.dll
0x00007ffeaa810000 - 0x00007ffeaa82a000 	C:\Program Files\Android\Android Studio\jre\jre\bin\net.dll
0x00007ffed8ac0000 - 0x00007ffed8b2a000 	C:\windows\system32\mswsock.dll
0x00007ffe8c440000 - 0x00007ffe8c453000 	C:\Program Files\Android\Android Studio\jre\jre\bin\nio.dll
0x00007ffe736e0000 - 0x00007ffe73706000 	C:\Users\douglas.mcosta\.gradle\native\30\windows-amd64\native-platform.dll
0x00007ffed13b0000 - 0x00007ffed13bd000 	C:\Program Files\Android\Android Studio\jre\jre\bin\management.dll
0x00007ffed8d80000 - 0x00007ffed8d98000 	C:\windows\SYSTEM32\CRYPTSP.dll
0x00007ffed8310000 - 0x00007ffed8344000 	C:\windows\system32\rsaenh.dll
0x00007ffed94a0000 - 0x00007ffed94c7000 	C:\windows\System32\bcrypt.dll
0x00007ffed9290000 - 0x00007ffed92be000 	C:\windows\SYSTEM32\USERENV.dll
0x00007ffed9810000 - 0x00007ffed988f000 	C:\windows\System32\bcryptprimitives.dll
0x00007ffed8cb0000 - 0x00007ffed8cbc000 	C:\windows\SYSTEM32\CRYPTBASE.dll
0x00007ffed87d0000 - 0x00007ffed880b000 	C:\windows\SYSTEM32\IPHLPAPI.DLL
0x00007ffedb090000 - 0x00007ffedb098000 	C:\windows\System32\NSI.dll
0x00007ffecfbb0000 - 0x00007ffecfbc7000 	C:\windows\SYSTEM32\dhcpcsvc6.DLL
0x00007ffecf5a0000 - 0x00007ffecf5bd000 	C:\windows\SYSTEM32\dhcpcsvc.DLL
0x00007ffed8810000 - 0x00007ffed88db000 	C:\windows\SYSTEM32\DNSAPI.dll

VM Arguments:
jvm_args: -Xmx1536M -Dfile.encoding=windows-1252 -Duser.country=BR -Duser.language=pt -Duser.variant 
java_command: org.gradle.launcher.daemon.bootstrap.GradleDaemon 5.6.2
java_class_path (initial): C:\Users\douglas.mcosta\.gradle\wrapper\dists\gradle-5.6.2-all\9st6wgf78h16so49nn74lgtbb\gradle-5.6.2\lib\gradle-launcher-5.6.2.jar
Launcher Type: SUN_STANDARD

Environment Variables:
JAVA_HOME=C:\Program Files\Android\Android Studio\jre
CLASSPATH=C:\Labs\Mobile\Flutter\todo\lib\models\devquiz\android\\gradle\wrapper\gradle-wrapper.jar
PATH=C:\Program Files (x86)\Common Files\Oracle\Java\javapath;C:\Python39\Scripts\;C:\Python39\;C:\windows\system32;C:\windows;C:\windows\System32\Wbem;C:\windows\System32\WindowsPowerShell\v1.0\;C:\windows\System32\OpenSSH\;C:\Program Files\Microsoft SQL Server\130\Tools\Binn\;C:\Program Files\Microsoft SQL Server\Client SDK\ODBC\170\Tools\Binn\;C:\Program Files\PuTTY\;C:\Program Files (x86)\Microsoft SQL Server\150\DTS\Binn\;C:\Program Files\Microsoft\Web Platform Installer\;C:\Program Files (x86)\Microsoft ASP.NET\ASP.NET Web Pages\v1.0\;C:\Program Files\Microsoft SQL Server\110\Tools\Binn\;C:\Program Files (x86)\Intel\Intel(R) Management Engine Components\DAL;C:\Program Files\Intel\Intel(R) Management Engine Components\DAL;C:\Program Files\nodejs\;C:\ProgramData\chocolatey\bin;C:\Program Files\Git\cmd;C:\src\flutter\bin;C:\Program Files\Gource\cmd;C:\Program Files\Docker\Docker\resources\bin;C:\ProgramData\DockerDesktop\version-bin;C:\Program Files\dotnet\;C:\Users\douglas.mcosta\AppData\Local\Microsoft\WindowsApps;C:\Users\douglas.mcosta\AppData\Local\Programs\Microsoft VS Code\bin;C:\Program Files\Azure Data Studio\bin;C:\Users\douglas.mcosta\AppData\Roaming\npm;C:\src\flutter\bin;C:\Users\douglas.mcosta\.dotnet\tools
USERNAME=douglas.mcosta
OS=Windows_NT
PROCESSOR_IDENTIFIER=Intel64 Family 6 Model 142 Stepping 10, GenuineIntel



---------------  S Y S T E M  ---------------

OS: Windows 10.0 , 64 bit Build 19041 (10.0.19041.546)

CPU:total 8 (initial active 8) (4 cores per cpu, 2 threads per core) family 6 model 142 stepping 10, cmov, cx8, fxsr, mmx, sse, sse2, sse3, ssse3, sse4.1, sse4.2, popcnt, avx, avx2, aes, clmul, erms, rtm, 3dnowpref, lzcnt, ht, tsc, tscinvbit, bmi1, bmi2, adx

Memory: 4k page, physical 16653412k(1756608k free), swap 16653412k(5128k free)

vm_info: OpenJDK 64-Bit Server VM (25.242-b01) for windows-amd64 JRE (1.8.0_242-release-1644-b01), built by "builder" with MS VC++ 10.0 (VS2010)

time: Sun Apr 25 13:50:51 2021
timezone: Hora oficial do Brasil
elapsed time: 16 seconds (0d 0h 0m 16s)

